<?xml version="1.0" encoding="UTF-8"?>
<coverage generated="1748518961384" clover="3.2.0">
  <project timestamp="1748518961384" name="All files">
    <metrics statements="157" coveredstatements="113" conditionals="96" coveredconditionals="62" methods="21" coveredmethods="17" elements="274" coveredelements="192" complexity="0" loc="157" ncloc="157" packages="1" files="2" classes="2"/>
    <file name="index.js" path="C:\Users\olimp\Documents\GitHub\softwaredev-battlesnake\index.js">
      <metrics statements="132" coveredstatements="96" conditionals="92" coveredconditionals="61" methods="14" coveredmethods="12"/>
      <line num="1" count="3" type="stmt"/>
      <line num="8" count="1" type="stmt"/>
      <line num="9" count="1" type="stmt"/>
      <line num="23" count="1" type="stmt"/>
      <line num="31" count="1" type="stmt"/>
      <line num="40" count="3" type="stmt"/>
      <line num="47" count="3" type="stmt"/>
      <line num="48" count="3" type="stmt"/>
      <line num="49" count="3" type="stmt"/>
      <line num="50" count="3" type="stmt"/>
      <line num="51" count="3" type="stmt"/>
      <line num="52" count="3" type="stmt"/>
      <line num="53" count="3" type="stmt"/>
      <line num="55" count="3" type="cond" truecount="1" falsecount="1"/>
      <line num="56" count="3" type="cond" truecount="2" falsecount="0"/>
      <line num="57" count="2" type="cond" truecount="1" falsecount="1"/>
      <line num="58" count="0" type="cond" truecount="0" falsecount="2"/>
      <line num="60" count="3" type="cond" truecount="1" falsecount="1"/>
      <line num="61" count="3" type="cond" truecount="1" falsecount="1"/>
      <line num="62" count="3" type="cond" truecount="1" falsecount="1"/>
      <line num="63" count="3" type="cond" truecount="1" falsecount="1"/>
      <line num="65" count="3" type="stmt"/>
      <line num="66" count="12" type="cond" truecount="2" falsecount="0"/>
      <line num="67" count="9" type="stmt"/>
      <line num="68" count="18" type="cond" truecount="3" falsecount="1"/>
      <line num="69" count="0" type="stmt"/>
      <line num="74" count="15" type="stmt"/>
      <line num="75" count="15" type="cond" truecount="2" falsecount="0"/>
      <line num="79" count="15" type="cond" truecount="0" falsecount="2"/>
      <line num="82" count="3" type="stmt"/>
      <line num="83" count="12" type="cond" truecount="2" falsecount="0"/>
      <line num="85" count="9" type="stmt"/>
      <line num="87" count="9" type="stmt"/>
      <line num="88" count="9" type="stmt"/>
      <line num="89" count="15" type="stmt"/>
      <line num="90" count="15" type="stmt"/>
      <line num="92" count="15" type="cond" truecount="1" falsecount="1"/>
      <line num="97" count="0" type="stmt"/>
      <line num="103" count="3" type="stmt"/>
      <line num="104" count="3" type="stmt"/>
      <line num="105" count="3" type="cond" truecount="2" falsecount="0"/>
      <line num="106" count="1" type="stmt"/>
      <line num="107" count="1" type="stmt"/>
      <line num="109" count="1" type="stmt"/>
      <line num="110" count="4" type="cond" truecount="2" falsecount="0"/>
      <line num="111" count="3" type="stmt"/>
      <line num="112" count="3" type="stmt"/>
      <line num="113" count="3" type="stmt"/>
      <line num="115" count="3" type="cond" truecount="2" falsecount="2"/>
      <line num="116" count="0" type="stmt"/>
      <line num="121" count="3" type="stmt"/>
      <line num="122" count="12" type="cond" truecount="2" falsecount="0"/>
      <line num="123" count="9" type="stmt"/>
      <line num="124" count="9" type="cond" truecount="1" falsecount="1"/>
      <line num="130" count="0" type="stmt"/>
      <line num="134" count="3" type="stmt"/>
      <line num="135" count="12" type="stmt"/>
      <line num="136" count="3" type="cond" truecount="1" falsecount="1"/>
      <line num="137" count="0" type="stmt"/>
      <line num="138" count="0" type="stmt"/>
      <line num="142" count="3" type="stmt"/>
      <line num="144" count="3" type="stmt"/>
      <line num="145" count="3" type="cond" truecount="2" falsecount="0"/>
      <line num="147" count="1" type="stmt"/>
      <line num="148" count="1" type="stmt"/>
      <line num="150" count="1" type="cond" truecount="1" falsecount="1"/>
      <line num="152" count="0" type="stmt"/>
      <line num="153" count="0" type="stmt"/>
      <line num="154" count="0" type="stmt"/>
      <line num="155" count="0" type="stmt"/>
      <line num="157" count="0" type="cond" truecount="0" falsecount="2"/>
      <line num="158" count="0" type="stmt"/>
      <line num="159" count="0" type="stmt"/>
      <line num="163" count="0" type="cond" truecount="0" falsecount="2"/>
      <line num="166" count="3" type="cond" truecount="1" falsecount="1"/>
      <line num="167" count="0" type="stmt"/>
      <line num="170" count="0" type="stmt"/>
      <line num="173" count="3" type="cond" truecount="1" falsecount="1"/>
      <line num="174" count="0" type="stmt"/>
      <line num="175" count="0" type="stmt"/>
      <line num="177" count="0" type="stmt"/>
      <line num="178" count="0" type="stmt"/>
      <line num="179" count="0" type="cond" truecount="0" falsecount="2"/>
      <line num="180" count="0" type="stmt"/>
      <line num="181" count="0" type="stmt"/>
      <line num="185" count="0" type="stmt"/>
      <line num="186" count="0" type="stmt"/>
      <line num="187" count="0" type="stmt"/>
      <line num="189" count="0" type="stmt"/>
      <line num="190" count="0" type="cond" truecount="0" falsecount="2"/>
      <line num="191" count="0" type="stmt"/>
      <line num="192" count="0" type="stmt"/>
      <line num="197" count="3" type="cond" truecount="1" falsecount="1"/>
      <line num="198" count="3" type="stmt"/>
      <line num="199" count="3" type="stmt"/>
      <line num="200" count="9" type="stmt"/>
      <line num="201" count="9" type="stmt"/>
      <line num="202" count="9" type="cond" truecount="2" falsecount="0"/>
      <line num="203" count="3" type="stmt"/>
      <line num="204" count="3" type="stmt"/>
      <line num="209" count="3" type="stmt"/>
      <line num="210" count="3" type="stmt"/>
      <line num="220" count="43" type="stmt"/>
      <line num="221" count="43" type="cond" truecount="2" falsecount="0"/>
      <line num="222" count="43" type="cond" truecount="2" falsecount="0"/>
      <line num="223" count="43" type="cond" truecount="2" falsecount="0"/>
      <line num="224" count="43" type="cond" truecount="2" falsecount="0"/>
      <line num="225" count="43" type="stmt"/>
      <line num="235" count="12" type="stmt"/>
      <line num="236" count="12" type="stmt"/>
      <line num="237" count="12" type="stmt"/>
      <line num="238" count="12" type="stmt"/>
      <line num="240" count="12" type="stmt"/>
      <line num="242" count="19" type="stmt"/>
      <line num="246" count="12" type="stmt"/>
      <line num="247" count="2296" type="stmt"/>
      <line num="248" count="2296" type="stmt"/>
      <line num="250" count="2296" type="cond" truecount="2" falsecount="0"/>
      <line num="258" count="1725" type="stmt"/>
      <line num="260" count="571" type="stmt"/>
      <line num="262" count="571" type="stmt"/>
      <line num="263" count="571" type="stmt"/>
      <line num="264" count="571" type="stmt"/>
      <line num="265" count="571" type="stmt"/>
      <line num="268" count="12" type="stmt"/>
      <line num="272" count="3" type="cond" truecount="1" falsecount="1"/>
      <line num="273" count="0" type="stmt"/>
      <line num="274" count="0" type="stmt"/>
      <line num="275" count="0" type="cond" truecount="0" falsecount="2"/>
      <line num="276" count="0" type="stmt"/>
      <line num="277" count="0" type="stmt"/>
      <line num="282" count="3" type="stmt"/>
    </file>
    <file name="server.js" path="C:\Users\olimp\Documents\GitHub\softwaredev-battlesnake\server.js">
      <metrics statements="25" coveredstatements="17" conditionals="4" coveredconditionals="1" methods="7" coveredmethods="5"/>
      <line num="1" count="4" type="stmt"/>
      <line num="4" count="1" type="stmt"/>
      <line num="5" count="1" type="stmt"/>
      <line num="7" count="1" type="stmt"/>
      <line num="8" count="1" type="stmt"/>
      <line num="11" count="1" type="stmt"/>
      <line num="12" count="1" type="stmt"/>
      <line num="13" count="1" type="stmt"/>
      <line num="16" count="1" type="stmt"/>
      <line num="17" count="1" type="stmt"/>
      <line num="20" count="1" type="stmt"/>
      <line num="21" count="1" type="stmt"/>
      <line num="22" count="1" type="stmt"/>
      <line num="25" count="1" type="stmt"/>
      <line num="26" count="0" type="stmt"/>
      <line num="27" count="0" type="stmt"/>
      <line num="30" count="1" type="stmt"/>
      <line num="34" count="4" type="cond" truecount="1" falsecount="1"/>
      <line num="35" count="0" type="stmt"/>
      <line num="36" count="0" type="stmt"/>
      <line num="37" count="0" type="stmt"/>
      <line num="38" count="0" type="cond" truecount="0" falsecount="2"/>
      <line num="39" count="0" type="stmt"/>
      <line num="40" count="0" type="stmt"/>
      <line num="45" count="4" type="stmt"/>
    </file>
  </project>
</coverage>
