{"C:\\Users\\olimp\\Documents\\GitHub\\softwaredev-battlesnake\\index.js": {"path":"C:\\Users\\olimp\\Documents\\GitHub\\softwaredev-battlesnake\\index.js","statementMap":{"0":{"start":{"line":1,"column":21},"end":{"line":1,"column":40}},"1":{"start":{"line":8,"column":2},"end":{"line":8,"column":22}},"2":{"start":{"line":9,"column":2},"end":{"line":15,"column":4}},"3":{"start":{"line":23,"column":2},"end":{"line":23,"column":28}},"4":{"start":{"line":31,"column":2},"end":{"line":31,"column":29}},"5":{"start":{"line":40,"column":19},"end":{"line":45,"column":3}},"6":{"start":{"line":47,"column":17},"end":{"line":47,"column":38}},"7":{"start":{"line":48,"column":17},"end":{"line":48,"column":38}},"8":{"start":{"line":49,"column":21},"end":{"line":49,"column":42}},"9":{"start":{"line":50,"column":22},"end":{"line":50,"column":44}},"10":{"start":{"line":51,"column":17},"end":{"line":51,"column":35}},"11":{"start":{"line":52,"column":18},"end":{"line":52,"column":40}},"12":{"start":{"line":53,"column":15},"end":{"line":53,"column":35}},"13":{"start":{"line":55,"column":2},"end":{"line":58,"column":54}},"14":{"start":{"line":55,"column":27},"end":{"line":55,"column":51}},"15":{"start":{"line":56,"column":7},"end":{"line":58,"column":54}},"16":{"start":{"line":56,"column":32},"end":{"line":56,"column":57}},"17":{"start":{"line":57,"column":7},"end":{"line":58,"column":54}},"18":{"start":{"line":57,"column":32},"end":{"line":57,"column":56}},"19":{"start":{"line":58,"column":7},"end":{"line":58,"column":54}},"20":{"start":{"line":58,"column":32},"end":{"line":58,"column":54}},"21":{"start":{"line":60,"column":2},"end":{"line":60,"column":46}},"22":{"start":{"line":60,"column":22},"end":{"line":60,"column":46}},"23":{"start":{"line":61,"column":2},"end":{"line":61,"column":60}},"24":{"start":{"line":61,"column":35},"end":{"line":61,"column":60}},"25":{"start":{"line":62,"column":2},"end":{"line":62,"column":46}},"26":{"start":{"line":62,"column":22},"end":{"line":62,"column":46}},"27":{"start":{"line":63,"column":2},"end":{"line":63,"column":58}},"28":{"start":{"line":63,"column":36},"end":{"line":63,"column":58}},"29":{"start":{"line":65,"column":2},"end":{"line":71,"column":3}},"30":{"start":{"line":66,"column":4},"end":{"line":66,"column":36}},"31":{"start":{"line":66,"column":27},"end":{"line":66,"column":36}},"32":{"start":{"line":67,"column":20},"end":{"line":67,"column":46}},"33":{"start":{"line":68,"column":4},"end":{"line":70,"column":5}},"34":{"start":{"line":68,"column":30},"end":{"line":68,"column":74}},"35":{"start":{"line":69,"column":6},"end":{"line":69,"column":31}},"36":{"start":{"line":74,"column":17},"end":{"line":74,"column":50}},"37":{"start":{"line":75,"column":4},"end":{"line":75,"column":56}},"38":{"start":{"line":79,"column":4},"end":{"line":79,"column":74}},"39":{"start":{"line":79,"column":28},"end":{"line":79,"column":72}},"40":{"start":{"line":82,"column":2},"end":{"line":101,"column":3}},"41":{"start":{"line":83,"column":4},"end":{"line":83,"column":36}},"42":{"start":{"line":83,"column":27},"end":{"line":83,"column":36}},"43":{"start":{"line":85,"column":20},"end":{"line":85,"column":46}},"44":{"start":{"line":87,"column":4},"end":{"line":100,"column":5}},"45":{"start":{"line":88,"column":6},"end":{"line":99,"column":7}},"46":{"start":{"line":89,"column":28},"end":{"line":89,"column":50}},"47":{"start":{"line":90,"column":30},"end":{"line":90,"column":45}},"48":{"start":{"line":92,"column":8},"end":{"line":98,"column":9}},"49":{"start":{"line":97,"column":10},"end":{"line":97,"column":35}},"50":{"start":{"line":103,"column":19},"end":{"line":103,"column":39}},"51":{"start":{"line":104,"column":2},"end":{"line":119,"column":3}},"52":{"start":{"line":105,"column":4},"end":{"line":105,"column":48}},"53":{"start":{"line":105,"column":39},"end":{"line":105,"column":48}},"54":{"start":{"line":106,"column":22},"end":{"line":106,"column":32}},"55":{"start":{"line":107,"column":24},"end":{"line":107,"column":36}},"56":{"start":{"line":109,"column":4},"end":{"line":118,"column":5}},"57":{"start":{"line":110,"column":6},"end":{"line":110,"column":38}},"58":{"start":{"line":110,"column":29},"end":{"line":110,"column":38}},"59":{"start":{"line":111,"column":22},"end":{"line":111,"column":48}},"60":{"start":{"line":112,"column":17},"end":{"line":112,"column":50}},"61":{"start":{"line":113,"column":17},"end":{"line":113,"column":50}},"62":{"start":{"line":115,"column":6},"end":{"line":117,"column":7}},"63":{"start":{"line":116,"column":8},"end":{"line":116,"column":33}},"64":{"start":{"line":121,"column":2},"end":{"line":132,"column":3}},"65":{"start":{"line":122,"column":4},"end":{"line":122,"column":36}},"66":{"start":{"line":122,"column":27},"end":{"line":122,"column":36}},"67":{"start":{"line":123,"column":20},"end":{"line":123,"column":46}},"68":{"start":{"line":124,"column":4},"end":{"line":131,"column":5}},"69":{"start":{"line":130,"column":6},"end":{"line":130,"column":31}},"70":{"start":{"line":134,"column":17},"end":{"line":134,"column":21}},"71":{"start":{"line":135,"column":20},"end":{"line":135,"column":78}},"72":{"start":{"line":135,"column":61},"end":{"line":135,"column":77}},"73":{"start":{"line":136,"column":2},"end":{"line":139,"column":3}},"74":{"start":{"line":137,"column":4},"end":{"line":137,"column":79}},"75":{"start":{"line":138,"column":4},"end":{"line":138,"column":28}},"76":{"start":{"line":142,"column":17},"end":{"line":142,"column":21}},"77":{"start":{"line":144,"column":2},"end":{"line":164,"column":3}},"78":{"start":{"line":145,"column":4},"end":{"line":145,"column":48}},"79":{"start":{"line":145,"column":39},"end":{"line":145,"column":48}},"80":{"start":{"line":147,"column":22},"end":{"line":147,"column":32}},"81":{"start":{"line":148,"column":24},"end":{"line":148,"column":36}},"82":{"start":{"line":150,"column":4},"end":{"line":150,"column":42}},"83":{"start":{"line":150,"column":33},"end":{"line":150,"column":42}},"84":{"start":{"line":152,"column":4},"end":{"line":161,"column":5}},"85":{"start":{"line":153,"column":22},"end":{"line":153,"column":48}},"86":{"start":{"line":154,"column":17},"end":{"line":154,"column":50}},"87":{"start":{"line":155,"column":17},"end":{"line":155,"column":50}},"88":{"start":{"line":157,"column":6},"end":{"line":160,"column":7}},"89":{"start":{"line":158,"column":8},"end":{"line":158,"column":24}},"90":{"start":{"line":159,"column":8},"end":{"line":159,"column":14}},"91":{"start":{"line":163,"column":4},"end":{"line":163,"column":24}},"92":{"start":{"line":163,"column":18},"end":{"line":163,"column":24}},"93":{"start":{"line":166,"column":2},"end":{"line":171,"column":3}},"94":{"start":{"line":167,"column":4},"end":{"line":169,"column":6}},"95":{"start":{"line":170,"column":4},"end":{"line":170,"column":30}},"96":{"start":{"line":173,"column":2},"end":{"line":195,"column":3}},"97":{"start":{"line":174,"column":22},"end":{"line":174,"column":26}},"98":{"start":{"line":175,"column":22},"end":{"line":175,"column":30}},"99":{"start":{"line":177,"column":4},"end":{"line":183,"column":5}},"100":{"start":{"line":178,"column":19},"end":{"line":178,"column":70}},"101":{"start":{"line":179,"column":6},"end":{"line":182,"column":7}},"102":{"start":{"line":180,"column":8},"end":{"line":180,"column":27}},"103":{"start":{"line":181,"column":8},"end":{"line":181,"column":24}},"104":{"start":{"line":185,"column":22},"end":{"line":185,"column":30}},"105":{"start":{"line":186,"column":4},"end":{"line":194,"column":5}},"106":{"start":{"line":187,"column":21},"end":{"line":187,"column":47}},"107":{"start":{"line":189,"column":8},"end":{"line":189,"column":79}},"108":{"start":{"line":190,"column":6},"end":{"line":193,"column":7}},"109":{"start":{"line":191,"column":8},"end":{"line":191,"column":27}},"110":{"start":{"line":192,"column":8},"end":{"line":192,"column":24}},"111":{"start":{"line":197,"column":2},"end":{"line":207,"column":3}},"112":{"start":{"line":198,"column":18},"end":{"line":198,"column":20}},"113":{"start":{"line":199,"column":4},"end":{"line":206,"column":5}},"114":{"start":{"line":200,"column":18},"end":{"line":200,"column":44}},"115":{"start":{"line":201,"column":19},"end":{"line":201,"column":44}},"116":{"start":{"line":202,"column":6},"end":{"line":205,"column":7}},"117":{"start":{"line":203,"column":8},"end":{"line":203,"column":23}},"118":{"start":{"line":204,"column":8},"end":{"line":204,"column":24}},"119":{"start":{"line":209,"column":2},"end":{"line":209,"column":53}},"120":{"start":{"line":210,"column":2},"end":{"line":210,"column":28}},"121":{"start":{"line":220,"column":17},"end":{"line":220,"column":25}},"122":{"start":{"line":221,"column":2},"end":{"line":221,"column":28}},"123":{"start":{"line":221,"column":21},"end":{"line":221,"column":28}},"124":{"start":{"line":222,"column":2},"end":{"line":222,"column":30}},"125":{"start":{"line":222,"column":23},"end":{"line":222,"column":30}},"126":{"start":{"line":223,"column":2},"end":{"line":223,"column":30}},"127":{"start":{"line":223,"column":23},"end":{"line":223,"column":30}},"128":{"start":{"line":224,"column":2},"end":{"line":224,"column":31}},"129":{"start":{"line":224,"column":24},"end":{"line":224,"column":31}},"130":{"start":{"line":225,"column":2},"end":{"line":225,"column":18}},"131":{"start":{"line":235,"column":18},"end":{"line":235,"column":27}},"132":{"start":{"line":236,"column":16},"end":{"line":236,"column":23}},"133":{"start":{"line":237,"column":16},"end":{"line":237,"column":37}},"134":{"start":{"line":238,"column":17},"end":{"line":238,"column":39}},"135":{"start":{"line":240,"column":19},"end":{"line":244,"column":3}},"136":{"start":{"line":242,"column":6},"end":{"line":242,"column":44}},"137":{"start":{"line":242,"column":28},"end":{"line":242,"column":43}},"138":{"start":{"line":246,"column":2},"end":{"line":266,"column":3}},"139":{"start":{"line":247,"column":21},"end":{"line":247,"column":32}},"140":{"start":{"line":248,"column":16},"end":{"line":248,"column":27}},"141":{"start":{"line":250,"column":4},"end":{"line":258,"column":15}},"142":{"start":{"line":258,"column":6},"end":{"line":258,"column":15}},"143":{"start":{"line":260,"column":4},"end":{"line":260,"column":21}},"144":{"start":{"line":262,"column":4},"end":{"line":262,"column":32}},"145":{"start":{"line":263,"column":4},"end":{"line":263,"column":32}},"146":{"start":{"line":264,"column":4},"end":{"line":264,"column":32}},"147":{"start":{"line":265,"column":4},"end":{"line":265,"column":32}},"148":{"start":{"line":268,"column":2},"end":{"line":268,"column":22}},"149":{"start":{"line":272,"column":0},"end":{"line":279,"column":1}},"150":{"start":{"line":273,"column":14},"end":{"line":273,"column":54}},"151":{"start":{"line":274,"column":15},"end":{"line":274,"column":24}},"152":{"start":{"line":275,"column":15},"end":{"line":275,"column":39}},"153":{"start":{"line":276,"column":2},"end":{"line":278,"column":5}},"154":{"start":{"line":277,"column":4},"end":{"line":277,"column":65}},"155":{"start":{"line":282,"column":0},"end":{"line":282,"column":69}}},"fnMap":{"0":{"name":"info","decl":{"start":{"line":7,"column":9},"end":{"line":7,"column":13}},"loc":{"start":{"line":7,"column":16},"end":{"line":16,"column":1}},"line":7},"1":{"name":"start","decl":{"start":{"line":22,"column":9},"end":{"line":22,"column":14}},"loc":{"start":{"line":22,"column":26},"end":{"line":24,"column":1}},"line":22},"2":{"name":"end","decl":{"start":{"line":30,"column":9},"end":{"line":30,"column":12}},"loc":{"start":{"line":30,"column":24},"end":{"line":32,"column":1}},"line":30},"3":{"name":"move","decl":{"start":{"line":39,"column":9},"end":{"line":39,"column":13}},"loc":{"start":{"line":39,"column":25},"end":{"line":211,"column":1}},"line":39},"4":{"name":"(anonymous_4)","decl":{"start":{"line":68,"column":20},"end":{"line":68,"column":21}},"loc":{"start":{"line":68,"column":30},"end":{"line":68,"column":74}},"line":68},"5":{"name":"isTail","decl":{"start":{"line":73,"column":11},"end":{"line":73,"column":17}},"loc":{"start":{"line":73,"column":34},"end":{"line":76,"column":3}},"line":73},"6":{"name":"isEating","decl":{"start":{"line":78,"column":11},"end":{"line":78,"column":19}},"loc":{"start":{"line":78,"column":27},"end":{"line":80,"column":3}},"line":78},"7":{"name":"(anonymous_7)","decl":{"start":{"line":79,"column":21},"end":{"line":79,"column":22}},"loc":{"start":{"line":79,"column":28},"end":{"line":79,"column":72}},"line":79},"8":{"name":"(anonymous_8)","decl":{"start":{"line":135,"column":51},"end":{"line":135,"column":52}},"loc":{"start":{"line":135,"column":61},"end":{"line":135,"column":77}},"line":135},"9":{"name":"getNextCoord","decl":{"start":{"line":219,"column":9},"end":{"line":219,"column":21}},"loc":{"start":{"line":219,"column":38},"end":{"line":226,"column":1}},"line":219},"10":{"name":"floodFill","decl":{"start":{"line":234,"column":9},"end":{"line":234,"column":18}},"loc":{"start":{"line":234,"column":37},"end":{"line":269,"column":1}},"line":234},"11":{"name":"(anonymous_11)","decl":{"start":{"line":241,"column":35},"end":{"line":241,"column":36}},"loc":{"start":{"line":242,"column":6},"end":{"line":242,"column":44}},"line":242},"12":{"name":"(anonymous_12)","decl":{"start":{"line":242,"column":21},"end":{"line":242,"column":22}},"loc":{"start":{"line":242,"column":28},"end":{"line":242,"column":43}},"line":242},"13":{"name":"(anonymous_13)","decl":{"start":{"line":276,"column":25},"end":{"line":276,"column":26}},"loc":{"start":{"line":276,"column":31},"end":{"line":278,"column":3}},"line":276}},"branchMap":{"0":{"loc":{"start":{"line":55,"column":2},"end":{"line":58,"column":54}},"type":"if","locations":[{"start":{"line":55,"column":2},"end":{"line":58,"column":54}},{"start":{"line":56,"column":7},"end":{"line":58,"column":54}}],"line":55},"1":{"loc":{"start":{"line":56,"column":7},"end":{"line":58,"column":54}},"type":"if","locations":[{"start":{"line":56,"column":7},"end":{"line":58,"column":54}},{"start":{"line":57,"column":7},"end":{"line":58,"column":54}}],"line":56},"2":{"loc":{"start":{"line":57,"column":7},"end":{"line":58,"column":54}},"type":"if","locations":[{"start":{"line":57,"column":7},"end":{"line":58,"column":54}},{"start":{"line":58,"column":7},"end":{"line":58,"column":54}}],"line":57},"3":{"loc":{"start":{"line":58,"column":7},"end":{"line":58,"column":54}},"type":"if","locations":[{"start":{"line":58,"column":7},"end":{"line":58,"column":54}},{"start":{},"end":{}}],"line":58},"4":{"loc":{"start":{"line":60,"column":2},"end":{"line":60,"column":46}},"type":"if","locations":[{"start":{"line":60,"column":2},"end":{"line":60,"column":46}},{"start":{},"end":{}}],"line":60},"5":{"loc":{"start":{"line":61,"column":2},"end":{"line":61,"column":60}},"type":"if","locations":[{"start":{"line":61,"column":2},"end":{"line":61,"column":60}},{"start":{},"end":{}}],"line":61},"6":{"loc":{"start":{"line":62,"column":2},"end":{"line":62,"column":46}},"type":"if","locations":[{"start":{"line":62,"column":2},"end":{"line":62,"column":46}},{"start":{},"end":{}}],"line":62},"7":{"loc":{"start":{"line":63,"column":2},"end":{"line":63,"column":58}},"type":"if","locations":[{"start":{"line":63,"column":2},"end":{"line":63,"column":58}},{"start":{},"end":{}}],"line":63},"8":{"loc":{"start":{"line":66,"column":4},"end":{"line":66,"column":36}},"type":"if","locations":[{"start":{"line":66,"column":4},"end":{"line":66,"column":36}},{"start":{},"end":{}}],"line":66},"9":{"loc":{"start":{"line":68,"column":4},"end":{"line":70,"column":5}},"type":"if","locations":[{"start":{"line":68,"column":4},"end":{"line":70,"column":5}},{"start":{},"end":{}}],"line":68},"10":{"loc":{"start":{"line":68,"column":30},"end":{"line":68,"column":74}},"type":"binary-expr","locations":[{"start":{"line":68,"column":30},"end":{"line":68,"column":50}},{"start":{"line":68,"column":54},"end":{"line":68,"column":74}}],"line":68},"11":{"loc":{"start":{"line":75,"column":11},"end":{"line":75,"column":55}},"type":"binary-expr","locations":[{"start":{"line":75,"column":11},"end":{"line":75,"column":31}},{"start":{"line":75,"column":35},"end":{"line":75,"column":55}}],"line":75},"12":{"loc":{"start":{"line":79,"column":28},"end":{"line":79,"column":72}},"type":"binary-expr","locations":[{"start":{"line":79,"column":28},"end":{"line":79,"column":48}},{"start":{"line":79,"column":52},"end":{"line":79,"column":72}}],"line":79},"13":{"loc":{"start":{"line":83,"column":4},"end":{"line":83,"column":36}},"type":"if","locations":[{"start":{"line":83,"column":4},"end":{"line":83,"column":36}},{"start":{},"end":{}}],"line":83},"14":{"loc":{"start":{"line":92,"column":8},"end":{"line":98,"column":9}},"type":"if","locations":[{"start":{"line":92,"column":8},"end":{"line":98,"column":9}},{"start":{},"end":{}}],"line":92},"15":{"loc":{"start":{"line":93,"column":10},"end":{"line":95,"column":41}},"type":"binary-expr","locations":[{"start":{"line":93,"column":10},"end":{"line":93,"column":33}},{"start":{"line":94,"column":10},"end":{"line":94,"column":33}},{"start":{"line":95,"column":11},"end":{"line":95,"column":23}},{"start":{"line":95,"column":27},"end":{"line":95,"column":40}}],"line":93},"16":{"loc":{"start":{"line":105,"column":4},"end":{"line":105,"column":48}},"type":"if","locations":[{"start":{"line":105,"column":4},"end":{"line":105,"column":48}},{"start":{},"end":{}}],"line":105},"17":{"loc":{"start":{"line":110,"column":6},"end":{"line":110,"column":38}},"type":"if","locations":[{"start":{"line":110,"column":6},"end":{"line":110,"column":38}},{"start":{},"end":{}}],"line":110},"18":{"loc":{"start":{"line":115,"column":6},"end":{"line":117,"column":7}},"type":"if","locations":[{"start":{"line":115,"column":6},"end":{"line":117,"column":7}},{"start":{},"end":{}}],"line":115},"19":{"loc":{"start":{"line":115,"column":10},"end":{"line":115,"column":50}},"type":"binary-expr","locations":[{"start":{"line":115,"column":10},"end":{"line":115,"column":23}},{"start":{"line":115,"column":27},"end":{"line":115,"column":50}}],"line":115},"20":{"loc":{"start":{"line":122,"column":4},"end":{"line":122,"column":36}},"type":"if","locations":[{"start":{"line":122,"column":4},"end":{"line":122,"column":36}},{"start":{},"end":{}}],"line":122},"21":{"loc":{"start":{"line":124,"column":4},"end":{"line":131,"column":5}},"type":"if","locations":[{"start":{"line":124,"column":4},"end":{"line":131,"column":5}},{"start":{},"end":{}}],"line":124},"22":{"loc":{"start":{"line":125,"column":6},"end":{"line":128,"column":30}},"type":"binary-expr","locations":[{"start":{"line":125,"column":6},"end":{"line":125,"column":19}},{"start":{"line":126,"column":6},"end":{"line":126,"column":19}},{"start":{"line":127,"column":6},"end":{"line":127,"column":29}},{"start":{"line":128,"column":6},"end":{"line":128,"column":30}}],"line":125},"23":{"loc":{"start":{"line":136,"column":2},"end":{"line":139,"column":3}},"type":"if","locations":[{"start":{"line":136,"column":2},"end":{"line":139,"column":3}},{"start":{},"end":{}}],"line":136},"24":{"loc":{"start":{"line":145,"column":4},"end":{"line":145,"column":48}},"type":"if","locations":[{"start":{"line":145,"column":4},"end":{"line":145,"column":48}},{"start":{},"end":{}}],"line":145},"25":{"loc":{"start":{"line":150,"column":4},"end":{"line":150,"column":42}},"type":"if","locations":[{"start":{"line":150,"column":4},"end":{"line":150,"column":42}},{"start":{},"end":{}}],"line":150},"26":{"loc":{"start":{"line":157,"column":6},"end":{"line":160,"column":7}},"type":"if","locations":[{"start":{"line":157,"column":6},"end":{"line":160,"column":7}},{"start":{},"end":{}}],"line":157},"27":{"loc":{"start":{"line":163,"column":4},"end":{"line":163,"column":24}},"type":"if","locations":[{"start":{"line":163,"column":4},"end":{"line":163,"column":24}},{"start":{},"end":{}}],"line":163},"28":{"loc":{"start":{"line":166,"column":2},"end":{"line":171,"column":3}},"type":"if","locations":[{"start":{"line":166,"column":2},"end":{"line":171,"column":3}},{"start":{},"end":{}}],"line":166},"29":{"loc":{"start":{"line":173,"column":2},"end":{"line":195,"column":3}},"type":"if","locations":[{"start":{"line":173,"column":2},"end":{"line":195,"column":3}},{"start":{},"end":{}}],"line":173},"30":{"loc":{"start":{"line":179,"column":6},"end":{"line":182,"column":7}},"type":"if","locations":[{"start":{"line":179,"column":6},"end":{"line":182,"column":7}},{"start":{},"end":{}}],"line":179},"31":{"loc":{"start":{"line":190,"column":6},"end":{"line":193,"column":7}},"type":"if","locations":[{"start":{"line":190,"column":6},"end":{"line":193,"column":7}},{"start":{},"end":{}}],"line":190},"32":{"loc":{"start":{"line":197,"column":2},"end":{"line":207,"column":3}},"type":"if","locations":[{"start":{"line":197,"column":2},"end":{"line":207,"column":3}},{"start":{},"end":{}}],"line":197},"33":{"loc":{"start":{"line":202,"column":6},"end":{"line":205,"column":7}},"type":"if","locations":[{"start":{"line":202,"column":6},"end":{"line":205,"column":7}},{"start":{},"end":{}}],"line":202},"34":{"loc":{"start":{"line":221,"column":2},"end":{"line":221,"column":28}},"type":"if","locations":[{"start":{"line":221,"column":2},"end":{"line":221,"column":28}},{"start":{},"end":{}}],"line":221},"35":{"loc":{"start":{"line":222,"column":2},"end":{"line":222,"column":30}},"type":"if","locations":[{"start":{"line":222,"column":2},"end":{"line":222,"column":30}},{"start":{},"end":{}}],"line":222},"36":{"loc":{"start":{"line":223,"column":2},"end":{"line":223,"column":30}},"type":"if","locations":[{"start":{"line":223,"column":2},"end":{"line":223,"column":30}},{"start":{},"end":{}}],"line":223},"37":{"loc":{"start":{"line":224,"column":2},"end":{"line":224,"column":31}},"type":"if","locations":[{"start":{"line":224,"column":2},"end":{"line":224,"column":31}},{"start":{},"end":{}}],"line":224},"38":{"loc":{"start":{"line":250,"column":4},"end":{"line":258,"column":15}},"type":"if","locations":[{"start":{"line":250,"column":4},"end":{"line":258,"column":15}},{"start":{},"end":{}}],"line":250},"39":{"loc":{"start":{"line":251,"column":6},"end":{"line":256,"column":23}},"type":"binary-expr","locations":[{"start":{"line":251,"column":6},"end":{"line":251,"column":11}},{"start":{"line":252,"column":6},"end":{"line":252,"column":11}},{"start":{"line":253,"column":6},"end":{"line":253,"column":16}},{"start":{"line":254,"column":6},"end":{"line":254,"column":17}},{"start":{"line":255,"column":6},"end":{"line":255,"column":22}},{"start":{"line":256,"column":6},"end":{"line":256,"column":23}}],"line":251},"40":{"loc":{"start":{"line":272,"column":0},"end":{"line":279,"column":1}},"type":"if","locations":[{"start":{"line":272,"column":0},"end":{"line":279,"column":1}},{"start":{},"end":{}}],"line":272},"41":{"loc":{"start":{"line":275,"column":15},"end":{"line":275,"column":39}},"type":"binary-expr","locations":[{"start":{"line":275,"column":15},"end":{"line":275,"column":31}},{"start":{"line":275,"column":35},"end":{"line":275,"column":39}}],"line":275}},"s":{"0":3,"1":1,"2":1,"3":1,"4":1,"5":3,"6":3,"7":3,"8":3,"9":3,"10":3,"11":3,"12":3,"13":3,"14":0,"15":3,"16":1,"17":2,"18":2,"19":0,"20":0,"21":3,"22":0,"23":3,"24":0,"25":3,"26":0,"27":3,"28":0,"29":3,"30":12,"31":3,"32":9,"33":9,"34":18,"35":0,"36":15,"37":15,"38":15,"39":0,"40":3,"41":12,"42":3,"43":9,"44":9,"45":9,"46":15,"47":15,"48":15,"49":0,"50":3,"51":3,"52":3,"53":2,"54":1,"55":1,"56":1,"57":4,"58":1,"59":3,"60":3,"61":3,"62":3,"63":0,"64":3,"65":12,"66":3,"67":9,"68":9,"69":0,"70":3,"71":3,"72":12,"73":3,"74":0,"75":0,"76":3,"77":3,"78":3,"79":2,"80":1,"81":1,"82":1,"83":1,"84":0,"85":0,"86":0,"87":0,"88":0,"89":0,"90":0,"91":0,"92":0,"93":3,"94":0,"95":0,"96":3,"97":0,"98":0,"99":0,"100":0,"101":0,"102":0,"103":0,"104":0,"105":0,"106":0,"107":0,"108":0,"109":0,"110":0,"111":3,"112":3,"113":3,"114":9,"115":9,"116":9,"117":3,"118":3,"119":3,"120":3,"121":43,"122":43,"123":14,"124":43,"125":5,"126":43,"127":14,"128":43,"129":10,"130":43,"131":12,"132":12,"133":12,"134":12,"135":12,"136":11,"137":19,"138":12,"139":2296,"140":2296,"141":2296,"142":1725,"143":571,"144":571,"145":571,"146":571,"147":571,"148":12,"149":3,"150":0,"151":0,"152":0,"153":0,"154":0,"155":3},"f":{"0":1,"1":1,"2":1,"3":3,"4":18,"5":15,"6":15,"7":0,"8":12,"9":43,"10":12,"11":11,"12":19,"13":0},"b":{"0":[0,3],"1":[1,2],"2":[2,0],"3":[0,0],"4":[0,3],"5":[0,3],"6":[0,3],"7":[0,3],"8":[3,9],"9":[0,9],"10":[18,6],"11":[15,12],"12":[0,0],"13":[3,9],"14":[0,15],"15":[15,5,1,1],"16":[2,1],"17":[1,3],"18":[0,3],"19":[3,0],"20":[3,9],"21":[0,9],"22":[9,9,9,9],"23":[0,3],"24":[2,1],"25":[1,0],"26":[0,0],"27":[0,0],"28":[0,3],"29":[0,3],"30":[0,0],"31":[0,0],"32":[3,0],"33":[3,6],"34":[14,29],"35":[5,38],"36":[14,29],"37":[10,33],"38":[1725,571],"39":[2296,2224,2152,2080,2009,614],"40":[0,3],"41":[0,0]},"_coverageSchema":"1a1c01bbd47fc00a2c39e90264f33305004495a9","hash":"e49982230eec0b286bf279bcd247fe3f23f446f0"}
,"C:\\Users\\olimp\\Documents\\GitHub\\softwaredev-battlesnake\\server.js": {"path":"C:\\Users\\olimp\\Documents\\GitHub\\softwaredev-battlesnake\\server.js","statementMap":{"0":{"start":{"line":1,"column":16},"end":{"line":1,"column":34}},"1":{"start":{"line":4,"column":14},"end":{"line":4,"column":23}},"2":{"start":{"line":5,"column":2},"end":{"line":5,"column":26}},"3":{"start":{"line":7,"column":2},"end":{"line":9,"column":5}},"4":{"start":{"line":8,"column":4},"end":{"line":8,"column":30}},"5":{"start":{"line":11,"column":2},"end":{"line":14,"column":5}},"6":{"start":{"line":12,"column":4},"end":{"line":12,"column":29}},"7":{"start":{"line":13,"column":4},"end":{"line":13,"column":19}},"8":{"start":{"line":16,"column":2},"end":{"line":18,"column":5}},"9":{"start":{"line":17,"column":4},"end":{"line":17,"column":38}},"10":{"start":{"line":20,"column":2},"end":{"line":23,"column":5}},"11":{"start":{"line":21,"column":4},"end":{"line":21,"column":27}},"12":{"start":{"line":22,"column":4},"end":{"line":22,"column":19}},"13":{"start":{"line":25,"column":2},"end":{"line":28,"column":5}},"14":{"start":{"line":26,"column":4},"end":{"line":26,"column":69}},"15":{"start":{"line":27,"column":4},"end":{"line":27,"column":11}},"16":{"start":{"line":30,"column":2},"end":{"line":30,"column":13}},"17":{"start":{"line":34,"column":0},"end":{"line":42,"column":1}},"18":{"start":{"line":35,"column":19},"end":{"line":35,"column":37}},"19":{"start":{"line":36,"column":14},"end":{"line":36,"column":36}},"20":{"start":{"line":37,"column":15},"end":{"line":37,"column":24}},"21":{"start":{"line":38,"column":15},"end":{"line":38,"column":39}},"22":{"start":{"line":39,"column":2},"end":{"line":41,"column":5}},"23":{"start":{"line":40,"column":4},"end":{"line":40,"column":68}},"24":{"start":{"line":45,"column":0},"end":{"line":45,"column":30}}},"fnMap":{"0":{"name":"createServer","decl":{"start":{"line":3,"column":9},"end":{"line":3,"column":21}},"loc":{"start":{"line":3,"column":32},"end":{"line":31,"column":1}},"line":3},"1":{"name":"(anonymous_1)","decl":{"start":{"line":7,"column":15},"end":{"line":7,"column":16}},"loc":{"start":{"line":7,"column":29},"end":{"line":9,"column":3}},"line":7},"2":{"name":"(anonymous_2)","decl":{"start":{"line":11,"column":21},"end":{"line":11,"column":22}},"loc":{"start":{"line":11,"column":35},"end":{"line":14,"column":3}},"line":11},"3":{"name":"(anonymous_3)","decl":{"start":{"line":16,"column":20},"end":{"line":16,"column":21}},"loc":{"start":{"line":16,"column":34},"end":{"line":18,"column":3}},"line":16},"4":{"name":"(anonymous_4)","decl":{"start":{"line":20,"column":19},"end":{"line":20,"column":20}},"loc":{"start":{"line":20,"column":33},"end":{"line":23,"column":3}},"line":20},"5":{"name":"(anonymous_5)","decl":{"start":{"line":25,"column":10},"end":{"line":25,"column":11}},"loc":{"start":{"line":25,"column":30},"end":{"line":28,"column":3}},"line":25},"6":{"name":"(anonymous_6)","decl":{"start":{"line":39,"column":25},"end":{"line":39,"column":26}},"loc":{"start":{"line":39,"column":31},"end":{"line":41,"column":3}},"line":39}},"branchMap":{"0":{"loc":{"start":{"line":34,"column":0},"end":{"line":42,"column":1}},"type":"if","locations":[{"start":{"line":34,"column":0},"end":{"line":42,"column":1}},{"start":{},"end":{}}],"line":34},"1":{"loc":{"start":{"line":38,"column":15},"end":{"line":38,"column":39}},"type":"binary-expr","locations":[{"start":{"line":38,"column":15},"end":{"line":38,"column":31}},{"start":{"line":38,"column":35},"end":{"line":38,"column":39}}],"line":38}},"s":{"0":4,"1":1,"2":1,"3":1,"4":1,"5":1,"6":1,"7":1,"8":1,"9":1,"10":1,"11":1,"12":1,"13":1,"14":0,"15":0,"16":1,"17":4,"18":0,"19":0,"20":0,"21":0,"22":0,"23":0,"24":4},"f":{"0":1,"1":1,"2":1,"3":1,"4":1,"5":0,"6":0},"b":{"0":[0,4],"1":[0,0]},"_coverageSchema":"1a1c01bbd47fc00a2c39e90264f33305004495a9","hash":"dd52dc53ace7a6d9b65c078f45579c8c2692c11c"}
}
