{"C:\\Users\\olimp\\Documents\\GitHub\\softwaredev-battlesnake\\index.js": {"path":"C:\\Users\\olimp\\Documents\\GitHub\\softwaredev-battlesnake\\index.js","statementMap":{"0":{"start":{"line":1,"column":18},"end":{"line":1,"column":37}},"1":{"start":{"line":4,"column":2},"end":{"line":4,"column":22}},"2":{"start":{"line":5,"column":2},"end":{"line":11,"column":4}},"3":{"start":{"line":15,"column":2},"end":{"line":15,"column":28}},"4":{"start":{"line":19,"column":2},"end":{"line":19,"column":29}},"5":{"start":{"line":23,"column":19},"end":{"line":28,"column":3}},"6":{"start":{"line":30,"column":17},"end":{"line":30,"column":38}},"7":{"start":{"line":31,"column":17},"end":{"line":31,"column":38}},"8":{"start":{"line":32,"column":21},"end":{"line":32,"column":42}},"9":{"start":{"line":33,"column":22},"end":{"line":33,"column":44}},"10":{"start":{"line":34,"column":17},"end":{"line":34,"column":35}},"11":{"start":{"line":35,"column":18},"end":{"line":35,"column":40}},"12":{"start":{"line":36,"column":15},"end":{"line":36,"column":35}},"13":{"start":{"line":38,"column":2},"end":{"line":41,"column":54}},"14":{"start":{"line":38,"column":27},"end":{"line":38,"column":51}},"15":{"start":{"line":39,"column":7},"end":{"line":41,"column":54}},"16":{"start":{"line":39,"column":32},"end":{"line":39,"column":57}},"17":{"start":{"line":40,"column":7},"end":{"line":41,"column":54}},"18":{"start":{"line":40,"column":32},"end":{"line":40,"column":56}},"19":{"start":{"line":41,"column":7},"end":{"line":41,"column":54}},"20":{"start":{"line":41,"column":32},"end":{"line":41,"column":54}},"21":{"start":{"line":43,"column":2},"end":{"line":43,"column":46}},"22":{"start":{"line":43,"column":22},"end":{"line":43,"column":46}},"23":{"start":{"line":44,"column":2},"end":{"line":44,"column":60}},"24":{"start":{"line":44,"column":35},"end":{"line":44,"column":60}},"25":{"start":{"line":45,"column":2},"end":{"line":45,"column":46}},"26":{"start":{"line":45,"column":22},"end":{"line":45,"column":46}},"27":{"start":{"line":46,"column":2},"end":{"line":46,"column":58}},"28":{"start":{"line":46,"column":36},"end":{"line":46,"column":58}},"29":{"start":{"line":48,"column":2},"end":{"line":54,"column":3}},"30":{"start":{"line":49,"column":4},"end":{"line":49,"column":36}},"31":{"start":{"line":49,"column":27},"end":{"line":49,"column":36}},"32":{"start":{"line":50,"column":20},"end":{"line":50,"column":46}},"33":{"start":{"line":51,"column":4},"end":{"line":53,"column":5}},"34":{"start":{"line":51,"column":30},"end":{"line":51,"column":74}},"35":{"start":{"line":52,"column":6},"end":{"line":52,"column":31}},"36":{"start":{"line":57,"column":17},"end":{"line":57,"column":50}},"37":{"start":{"line":58,"column":4},"end":{"line":58,"column":56}},"38":{"start":{"line":62,"column":4},"end":{"line":62,"column":74}},"39":{"start":{"line":62,"column":28},"end":{"line":62,"column":72}},"40":{"start":{"line":65,"column":2},"end":{"line":84,"column":3}},"41":{"start":{"line":66,"column":4},"end":{"line":66,"column":36}},"42":{"start":{"line":66,"column":27},"end":{"line":66,"column":36}},"43":{"start":{"line":68,"column":20},"end":{"line":68,"column":46}},"44":{"start":{"line":70,"column":4},"end":{"line":83,"column":5}},"45":{"start":{"line":71,"column":6},"end":{"line":82,"column":7}},"46":{"start":{"line":72,"column":28},"end":{"line":72,"column":50}},"47":{"start":{"line":73,"column":30},"end":{"line":73,"column":45}},"48":{"start":{"line":75,"column":8},"end":{"line":81,"column":9}},"49":{"start":{"line":80,"column":10},"end":{"line":80,"column":35}},"50":{"start":{"line":86,"column":19},"end":{"line":86,"column":39}},"51":{"start":{"line":87,"column":2},"end":{"line":102,"column":3}},"52":{"start":{"line":88,"column":4},"end":{"line":88,"column":48}},"53":{"start":{"line":88,"column":39},"end":{"line":88,"column":48}},"54":{"start":{"line":89,"column":22},"end":{"line":89,"column":32}},"55":{"start":{"line":90,"column":24},"end":{"line":90,"column":36}},"56":{"start":{"line":92,"column":4},"end":{"line":101,"column":5}},"57":{"start":{"line":93,"column":6},"end":{"line":93,"column":38}},"58":{"start":{"line":93,"column":29},"end":{"line":93,"column":38}},"59":{"start":{"line":94,"column":22},"end":{"line":94,"column":48}},"60":{"start":{"line":95,"column":17},"end":{"line":95,"column":50}},"61":{"start":{"line":96,"column":17},"end":{"line":96,"column":50}},"62":{"start":{"line":98,"column":6},"end":{"line":100,"column":7}},"63":{"start":{"line":99,"column":8},"end":{"line":99,"column":33}},"64":{"start":{"line":104,"column":2},"end":{"line":115,"column":3}},"65":{"start":{"line":105,"column":4},"end":{"line":105,"column":36}},"66":{"start":{"line":105,"column":27},"end":{"line":105,"column":36}},"67":{"start":{"line":106,"column":20},"end":{"line":106,"column":46}},"68":{"start":{"line":107,"column":4},"end":{"line":114,"column":5}},"69":{"start":{"line":113,"column":6},"end":{"line":113,"column":31}},"70":{"start":{"line":117,"column":17},"end":{"line":117,"column":21}},"71":{"start":{"line":118,"column":20},"end":{"line":118,"column":78}},"72":{"start":{"line":118,"column":61},"end":{"line":118,"column":77}},"73":{"start":{"line":119,"column":2},"end":{"line":122,"column":3}},"74":{"start":{"line":120,"column":4},"end":{"line":120,"column":79}},"75":{"start":{"line":121,"column":4},"end":{"line":121,"column":28}},"76":{"start":{"line":124,"column":2},"end":{"line":146,"column":3}},"77":{"start":{"line":125,"column":22},"end":{"line":125,"column":26}},"78":{"start":{"line":126,"column":22},"end":{"line":126,"column":30}},"79":{"start":{"line":128,"column":4},"end":{"line":134,"column":5}},"80":{"start":{"line":129,"column":19},"end":{"line":129,"column":70}},"81":{"start":{"line":130,"column":6},"end":{"line":133,"column":7}},"82":{"start":{"line":131,"column":8},"end":{"line":131,"column":27}},"83":{"start":{"line":132,"column":8},"end":{"line":132,"column":24}},"84":{"start":{"line":136,"column":22},"end":{"line":136,"column":30}},"85":{"start":{"line":137,"column":4},"end":{"line":145,"column":5}},"86":{"start":{"line":138,"column":21},"end":{"line":138,"column":47}},"87":{"start":{"line":140,"column":8},"end":{"line":140,"column":79}},"88":{"start":{"line":141,"column":6},"end":{"line":144,"column":7}},"89":{"start":{"line":142,"column":8},"end":{"line":142,"column":27}},"90":{"start":{"line":143,"column":8},"end":{"line":143,"column":24}},"91":{"start":{"line":148,"column":2},"end":{"line":158,"column":3}},"92":{"start":{"line":149,"column":18},"end":{"line":149,"column":20}},"93":{"start":{"line":150,"column":4},"end":{"line":157,"column":5}},"94":{"start":{"line":151,"column":18},"end":{"line":151,"column":44}},"95":{"start":{"line":152,"column":19},"end":{"line":152,"column":44}},"96":{"start":{"line":153,"column":6},"end":{"line":156,"column":7}},"97":{"start":{"line":154,"column":8},"end":{"line":154,"column":23}},"98":{"start":{"line":155,"column":8},"end":{"line":155,"column":24}},"99":{"start":{"line":160,"column":2},"end":{"line":160,"column":53}},"100":{"start":{"line":161,"column":2},"end":{"line":161,"column":28}},"101":{"start":{"line":165,"column":17},"end":{"line":165,"column":25}},"102":{"start":{"line":166,"column":2},"end":{"line":166,"column":28}},"103":{"start":{"line":166,"column":21},"end":{"line":166,"column":28}},"104":{"start":{"line":167,"column":2},"end":{"line":167,"column":30}},"105":{"start":{"line":167,"column":23},"end":{"line":167,"column":30}},"106":{"start":{"line":168,"column":2},"end":{"line":168,"column":30}},"107":{"start":{"line":168,"column":23},"end":{"line":168,"column":30}},"108":{"start":{"line":169,"column":2},"end":{"line":169,"column":31}},"109":{"start":{"line":169,"column":24},"end":{"line":169,"column":31}},"110":{"start":{"line":170,"column":2},"end":{"line":170,"column":18}},"111":{"start":{"line":174,"column":0},"end":{"line":176,"column":1}},"112":{"start":{"line":175,"column":2},"end":{"line":175,"column":40}},"113":{"start":{"line":179,"column":0},"end":{"line":179,"column":26}},"114":{"start":{"line":182,"column":18},"end":{"line":182,"column":27}},"115":{"start":{"line":183,"column":16},"end":{"line":183,"column":23}},"116":{"start":{"line":184,"column":16},"end":{"line":184,"column":37}},"117":{"start":{"line":185,"column":17},"end":{"line":185,"column":39}},"118":{"start":{"line":187,"column":19},"end":{"line":191,"column":3}},"119":{"start":{"line":189,"column":6},"end":{"line":189,"column":44}},"120":{"start":{"line":189,"column":28},"end":{"line":189,"column":43}},"121":{"start":{"line":193,"column":2},"end":{"line":213,"column":3}},"122":{"start":{"line":194,"column":21},"end":{"line":194,"column":32}},"123":{"start":{"line":195,"column":16},"end":{"line":195,"column":27}},"124":{"start":{"line":197,"column":4},"end":{"line":205,"column":15}},"125":{"start":{"line":205,"column":6},"end":{"line":205,"column":15}},"126":{"start":{"line":207,"column":4},"end":{"line":207,"column":21}},"127":{"start":{"line":209,"column":4},"end":{"line":209,"column":32}},"128":{"start":{"line":210,"column":4},"end":{"line":210,"column":32}},"129":{"start":{"line":211,"column":4},"end":{"line":211,"column":32}},"130":{"start":{"line":212,"column":4},"end":{"line":212,"column":32}},"131":{"start":{"line":215,"column":2},"end":{"line":215,"column":22}},"132":{"start":{"line":218,"column":0},"end":{"line":218,"column":37}}},"fnMap":{"0":{"name":"info","decl":{"start":{"line":3,"column":9},"end":{"line":3,"column":13}},"loc":{"start":{"line":3,"column":16},"end":{"line":12,"column":1}},"line":3},"1":{"name":"start","decl":{"start":{"line":14,"column":9},"end":{"line":14,"column":14}},"loc":{"start":{"line":14,"column":26},"end":{"line":16,"column":1}},"line":14},"2":{"name":"end","decl":{"start":{"line":18,"column":9},"end":{"line":18,"column":12}},"loc":{"start":{"line":18,"column":24},"end":{"line":20,"column":1}},"line":18},"3":{"name":"move","decl":{"start":{"line":22,"column":9},"end":{"line":22,"column":13}},"loc":{"start":{"line":22,"column":25},"end":{"line":162,"column":1}},"line":22},"4":{"name":"(anonymous_4)","decl":{"start":{"line":51,"column":20},"end":{"line":51,"column":21}},"loc":{"start":{"line":51,"column":30},"end":{"line":51,"column":74}},"line":51},"5":{"name":"isTail","decl":{"start":{"line":56,"column":11},"end":{"line":56,"column":17}},"loc":{"start":{"line":56,"column":34},"end":{"line":59,"column":3}},"line":56},"6":{"name":"isEating","decl":{"start":{"line":61,"column":11},"end":{"line":61,"column":19}},"loc":{"start":{"line":61,"column":27},"end":{"line":63,"column":3}},"line":61},"7":{"name":"(anonymous_7)","decl":{"start":{"line":62,"column":21},"end":{"line":62,"column":22}},"loc":{"start":{"line":62,"column":28},"end":{"line":62,"column":72}},"line":62},"8":{"name":"(anonymous_8)","decl":{"start":{"line":118,"column":51},"end":{"line":118,"column":52}},"loc":{"start":{"line":118,"column":61},"end":{"line":118,"column":77}},"line":118},"9":{"name":"getNextCoord","decl":{"start":{"line":164,"column":9},"end":{"line":164,"column":21}},"loc":{"start":{"line":164,"column":38},"end":{"line":171,"column":1}},"line":164},"10":{"name":"floodFill","decl":{"start":{"line":181,"column":9},"end":{"line":181,"column":18}},"loc":{"start":{"line":181,"column":37},"end":{"line":216,"column":1}},"line":181},"11":{"name":"(anonymous_11)","decl":{"start":{"line":188,"column":35},"end":{"line":188,"column":36}},"loc":{"start":{"line":189,"column":6},"end":{"line":189,"column":44}},"line":189},"12":{"name":"(anonymous_12)","decl":{"start":{"line":189,"column":21},"end":{"line":189,"column":22}},"loc":{"start":{"line":189,"column":28},"end":{"line":189,"column":43}},"line":189}},"branchMap":{"0":{"loc":{"start":{"line":38,"column":2},"end":{"line":41,"column":54}},"type":"if","locations":[{"start":{"line":38,"column":2},"end":{"line":41,"column":54}},{"start":{"line":39,"column":7},"end":{"line":41,"column":54}}],"line":38},"1":{"loc":{"start":{"line":39,"column":7},"end":{"line":41,"column":54}},"type":"if","locations":[{"start":{"line":39,"column":7},"end":{"line":41,"column":54}},{"start":{"line":40,"column":7},"end":{"line":41,"column":54}}],"line":39},"2":{"loc":{"start":{"line":40,"column":7},"end":{"line":41,"column":54}},"type":"if","locations":[{"start":{"line":40,"column":7},"end":{"line":41,"column":54}},{"start":{"line":41,"column":7},"end":{"line":41,"column":54}}],"line":40},"3":{"loc":{"start":{"line":41,"column":7},"end":{"line":41,"column":54}},"type":"if","locations":[{"start":{"line":41,"column":7},"end":{"line":41,"column":54}},{"start":{},"end":{}}],"line":41},"4":{"loc":{"start":{"line":43,"column":2},"end":{"line":43,"column":46}},"type":"if","locations":[{"start":{"line":43,"column":2},"end":{"line":43,"column":46}},{"start":{},"end":{}}],"line":43},"5":{"loc":{"start":{"line":44,"column":2},"end":{"line":44,"column":60}},"type":"if","locations":[{"start":{"line":44,"column":2},"end":{"line":44,"column":60}},{"start":{},"end":{}}],"line":44},"6":{"loc":{"start":{"line":45,"column":2},"end":{"line":45,"column":46}},"type":"if","locations":[{"start":{"line":45,"column":2},"end":{"line":45,"column":46}},{"start":{},"end":{}}],"line":45},"7":{"loc":{"start":{"line":46,"column":2},"end":{"line":46,"column":58}},"type":"if","locations":[{"start":{"line":46,"column":2},"end":{"line":46,"column":58}},{"start":{},"end":{}}],"line":46},"8":{"loc":{"start":{"line":49,"column":4},"end":{"line":49,"column":36}},"type":"if","locations":[{"start":{"line":49,"column":4},"end":{"line":49,"column":36}},{"start":{},"end":{}}],"line":49},"9":{"loc":{"start":{"line":51,"column":4},"end":{"line":53,"column":5}},"type":"if","locations":[{"start":{"line":51,"column":4},"end":{"line":53,"column":5}},{"start":{},"end":{}}],"line":51},"10":{"loc":{"start":{"line":51,"column":30},"end":{"line":51,"column":74}},"type":"binary-expr","locations":[{"start":{"line":51,"column":30},"end":{"line":51,"column":50}},{"start":{"line":51,"column":54},"end":{"line":51,"column":74}}],"line":51},"11":{"loc":{"start":{"line":58,"column":11},"end":{"line":58,"column":55}},"type":"binary-expr","locations":[{"start":{"line":58,"column":11},"end":{"line":58,"column":31}},{"start":{"line":58,"column":35},"end":{"line":58,"column":55}}],"line":58},"12":{"loc":{"start":{"line":62,"column":28},"end":{"line":62,"column":72}},"type":"binary-expr","locations":[{"start":{"line":62,"column":28},"end":{"line":62,"column":48}},{"start":{"line":62,"column":52},"end":{"line":62,"column":72}}],"line":62},"13":{"loc":{"start":{"line":66,"column":4},"end":{"line":66,"column":36}},"type":"if","locations":[{"start":{"line":66,"column":4},"end":{"line":66,"column":36}},{"start":{},"end":{}}],"line":66},"14":{"loc":{"start":{"line":75,"column":8},"end":{"line":81,"column":9}},"type":"if","locations":[{"start":{"line":75,"column":8},"end":{"line":81,"column":9}},{"start":{},"end":{}}],"line":75},"15":{"loc":{"start":{"line":76,"column":10},"end":{"line":78,"column":41}},"type":"binary-expr","locations":[{"start":{"line":76,"column":10},"end":{"line":76,"column":33}},{"start":{"line":77,"column":10},"end":{"line":77,"column":33}},{"start":{"line":78,"column":11},"end":{"line":78,"column":23}},{"start":{"line":78,"column":27},"end":{"line":78,"column":40}}],"line":76},"16":{"loc":{"start":{"line":88,"column":4},"end":{"line":88,"column":48}},"type":"if","locations":[{"start":{"line":88,"column":4},"end":{"line":88,"column":48}},{"start":{},"end":{}}],"line":88},"17":{"loc":{"start":{"line":93,"column":6},"end":{"line":93,"column":38}},"type":"if","locations":[{"start":{"line":93,"column":6},"end":{"line":93,"column":38}},{"start":{},"end":{}}],"line":93},"18":{"loc":{"start":{"line":98,"column":6},"end":{"line":100,"column":7}},"type":"if","locations":[{"start":{"line":98,"column":6},"end":{"line":100,"column":7}},{"start":{},"end":{}}],"line":98},"19":{"loc":{"start":{"line":98,"column":10},"end":{"line":98,"column":50}},"type":"binary-expr","locations":[{"start":{"line":98,"column":10},"end":{"line":98,"column":23}},{"start":{"line":98,"column":27},"end":{"line":98,"column":50}}],"line":98},"20":{"loc":{"start":{"line":105,"column":4},"end":{"line":105,"column":36}},"type":"if","locations":[{"start":{"line":105,"column":4},"end":{"line":105,"column":36}},{"start":{},"end":{}}],"line":105},"21":{"loc":{"start":{"line":107,"column":4},"end":{"line":114,"column":5}},"type":"if","locations":[{"start":{"line":107,"column":4},"end":{"line":114,"column":5}},{"start":{},"end":{}}],"line":107},"22":{"loc":{"start":{"line":108,"column":6},"end":{"line":111,"column":30}},"type":"binary-expr","locations":[{"start":{"line":108,"column":6},"end":{"line":108,"column":19}},{"start":{"line":109,"column":6},"end":{"line":109,"column":19}},{"start":{"line":110,"column":6},"end":{"line":110,"column":29}},{"start":{"line":111,"column":6},"end":{"line":111,"column":30}}],"line":108},"23":{"loc":{"start":{"line":119,"column":2},"end":{"line":122,"column":3}},"type":"if","locations":[{"start":{"line":119,"column":2},"end":{"line":122,"column":3}},{"start":{},"end":{}}],"line":119},"24":{"loc":{"start":{"line":124,"column":2},"end":{"line":146,"column":3}},"type":"if","locations":[{"start":{"line":124,"column":2},"end":{"line":146,"column":3}},{"start":{},"end":{}}],"line":124},"25":{"loc":{"start":{"line":130,"column":6},"end":{"line":133,"column":7}},"type":"if","locations":[{"start":{"line":130,"column":6},"end":{"line":133,"column":7}},{"start":{},"end":{}}],"line":130},"26":{"loc":{"start":{"line":141,"column":6},"end":{"line":144,"column":7}},"type":"if","locations":[{"start":{"line":141,"column":6},"end":{"line":144,"column":7}},{"start":{},"end":{}}],"line":141},"27":{"loc":{"start":{"line":148,"column":2},"end":{"line":158,"column":3}},"type":"if","locations":[{"start":{"line":148,"column":2},"end":{"line":158,"column":3}},{"start":{},"end":{}}],"line":148},"28":{"loc":{"start":{"line":153,"column":6},"end":{"line":156,"column":7}},"type":"if","locations":[{"start":{"line":153,"column":6},"end":{"line":156,"column":7}},{"start":{},"end":{}}],"line":153},"29":{"loc":{"start":{"line":166,"column":2},"end":{"line":166,"column":28}},"type":"if","locations":[{"start":{"line":166,"column":2},"end":{"line":166,"column":28}},{"start":{},"end":{}}],"line":166},"30":{"loc":{"start":{"line":167,"column":2},"end":{"line":167,"column":30}},"type":"if","locations":[{"start":{"line":167,"column":2},"end":{"line":167,"column":30}},{"start":{},"end":{}}],"line":167},"31":{"loc":{"start":{"line":168,"column":2},"end":{"line":168,"column":30}},"type":"if","locations":[{"start":{"line":168,"column":2},"end":{"line":168,"column":30}},{"start":{},"end":{}}],"line":168},"32":{"loc":{"start":{"line":169,"column":2},"end":{"line":169,"column":31}},"type":"if","locations":[{"start":{"line":169,"column":2},"end":{"line":169,"column":31}},{"start":{},"end":{}}],"line":169},"33":{"loc":{"start":{"line":174,"column":0},"end":{"line":176,"column":1}},"type":"if","locations":[{"start":{"line":174,"column":0},"end":{"line":176,"column":1}},{"start":{},"end":{}}],"line":174},"34":{"loc":{"start":{"line":197,"column":4},"end":{"line":205,"column":15}},"type":"if","locations":[{"start":{"line":197,"column":4},"end":{"line":205,"column":15}},{"start":{},"end":{}}],"line":197},"35":{"loc":{"start":{"line":198,"column":6},"end":{"line":203,"column":23}},"type":"binary-expr","locations":[{"start":{"line":198,"column":6},"end":{"line":198,"column":11}},{"start":{"line":199,"column":6},"end":{"line":199,"column":11}},{"start":{"line":200,"column":6},"end":{"line":200,"column":16}},{"start":{"line":201,"column":6},"end":{"line":201,"column":17}},{"start":{"line":202,"column":6},"end":{"line":202,"column":22}},{"start":{"line":203,"column":6},"end":{"line":203,"column":23}}],"line":198}},"s":{"0":2,"1":0,"2":0,"3":0,"4":0,"5":1,"6":1,"7":1,"8":1,"9":1,"10":1,"11":1,"12":1,"13":1,"14":0,"15":1,"16":0,"17":1,"18":1,"19":0,"20":0,"21":1,"22":0,"23":1,"24":0,"25":1,"26":0,"27":1,"28":0,"29":1,"30":4,"31":1,"32":3,"33":3,"34":6,"35":0,"36":0,"37":0,"38":0,"39":0,"40":1,"41":4,"42":1,"43":3,"44":3,"45":0,"46":0,"47":0,"48":0,"49":0,"50":1,"51":1,"52":0,"53":0,"54":0,"55":0,"56":0,"57":0,"58":0,"59":0,"60":0,"61":0,"62":0,"63":0,"64":1,"65":4,"66":1,"67":3,"68":3,"69":0,"70":1,"71":1,"72":4,"73":1,"74":0,"75":0,"76":1,"77":0,"78":0,"79":0,"80":0,"81":0,"82":0,"83":0,"84":0,"85":0,"86":0,"87":0,"88":0,"89":0,"90":0,"91":1,"92":1,"93":1,"94":3,"95":3,"96":3,"97":1,"98":1,"99":1,"100":1,"101":12,"102":12,"103":4,"104":12,"105":0,"106":12,"107":4,"108":12,"109":4,"110":12,"111":2,"112":0,"113":2,"114":4,"115":4,"116":4,"117":4,"118":4,"119":1,"120":3,"121":4,"122":1544,"123":1544,"124":1544,"125":1159,"126":385,"127":385,"128":385,"129":385,"130":385,"131":4,"132":2},"f":{"0":0,"1":0,"2":0,"3":1,"4":6,"5":0,"6":0,"7":0,"8":4,"9":12,"10":4,"11":1,"12":3},"b":{"0":[0,1],"1":[0,1],"2":[1,0],"3":[0,0],"4":[0,1],"5":[0,1],"6":[0,1],"7":[0,1],"8":[1,3],"9":[0,3],"10":[6,2],"11":[0,0],"12":[0,0],"13":[1,3],"14":[0,0],"15":[0,0,0,0],"16":[0,0],"17":[0,0],"18":[0,0],"19":[0,0],"20":[1,3],"21":[0,3],"22":[3,3,3,3],"23":[0,1],"24":[0,1],"25":[0,0],"26":[0,0],"27":[1,0],"28":[1,2],"29":[4,8],"30":[0,12],"31":[4,8],"32":[4,8],"33":[0,2],"34":[1159,385],"35":[1544,1506,1468,1430,1393,392]},"_coverageSchema":"1a1c01bbd47fc00a2c39e90264f33305004495a9","hash":"bbe0f38660d3abd3b240dc0dbd32061448ac45b5"}
,"C:\\Users\\olimp\\Documents\\GitHub\\softwaredev-battlesnake\\server.js": {"path":"C:\\Users\\olimp\\Documents\\GitHub\\softwaredev-battlesnake\\server.js","statementMap":{"0":{"start":{"line":1,"column":16},"end":{"line":1,"column":34}},"1":{"start":{"line":4,"column":14},"end":{"line":4,"column":23}},"2":{"start":{"line":5,"column":2},"end":{"line":5,"column":26}},"3":{"start":{"line":7,"column":2},"end":{"line":9,"column":5}},"4":{"start":{"line":8,"column":4},"end":{"line":8,"column":30}},"5":{"start":{"line":11,"column":2},"end":{"line":14,"column":5}},"6":{"start":{"line":12,"column":4},"end":{"line":12,"column":29}},"7":{"start":{"line":13,"column":4},"end":{"line":13,"column":19}},"8":{"start":{"line":16,"column":2},"end":{"line":18,"column":5}},"9":{"start":{"line":17,"column":4},"end":{"line":17,"column":38}},"10":{"start":{"line":20,"column":2},"end":{"line":23,"column":5}},"11":{"start":{"line":21,"column":4},"end":{"line":21,"column":27}},"12":{"start":{"line":22,"column":4},"end":{"line":22,"column":19}},"13":{"start":{"line":25,"column":2},"end":{"line":28,"column":5}},"14":{"start":{"line":26,"column":4},"end":{"line":26,"column":69}},"15":{"start":{"line":27,"column":4},"end":{"line":27,"column":11}},"16":{"start":{"line":30,"column":2},"end":{"line":30,"column":13}},"17":{"start":{"line":34,"column":0},"end":{"line":42,"column":1}},"18":{"start":{"line":35,"column":19},"end":{"line":35,"column":37}},"19":{"start":{"line":36,"column":14},"end":{"line":36,"column":36}},"20":{"start":{"line":37,"column":15},"end":{"line":37,"column":24}},"21":{"start":{"line":38,"column":15},"end":{"line":38,"column":39}},"22":{"start":{"line":39,"column":2},"end":{"line":41,"column":5}},"23":{"start":{"line":40,"column":4},"end":{"line":40,"column":68}},"24":{"start":{"line":45,"column":0},"end":{"line":45,"column":30}}},"fnMap":{"0":{"name":"createServer","decl":{"start":{"line":3,"column":9},"end":{"line":3,"column":21}},"loc":{"start":{"line":3,"column":32},"end":{"line":31,"column":1}},"line":3},"1":{"name":"(anonymous_1)","decl":{"start":{"line":7,"column":15},"end":{"line":7,"column":16}},"loc":{"start":{"line":7,"column":29},"end":{"line":9,"column":3}},"line":7},"2":{"name":"(anonymous_2)","decl":{"start":{"line":11,"column":21},"end":{"line":11,"column":22}},"loc":{"start":{"line":11,"column":35},"end":{"line":14,"column":3}},"line":11},"3":{"name":"(anonymous_3)","decl":{"start":{"line":16,"column":20},"end":{"line":16,"column":21}},"loc":{"start":{"line":16,"column":34},"end":{"line":18,"column":3}},"line":16},"4":{"name":"(anonymous_4)","decl":{"start":{"line":20,"column":19},"end":{"line":20,"column":20}},"loc":{"start":{"line":20,"column":33},"end":{"line":23,"column":3}},"line":20},"5":{"name":"(anonymous_5)","decl":{"start":{"line":25,"column":10},"end":{"line":25,"column":11}},"loc":{"start":{"line":25,"column":30},"end":{"line":28,"column":3}},"line":25},"6":{"name":"(anonymous_6)","decl":{"start":{"line":39,"column":25},"end":{"line":39,"column":26}},"loc":{"start":{"line":39,"column":31},"end":{"line":41,"column":3}},"line":39}},"branchMap":{"0":{"loc":{"start":{"line":34,"column":0},"end":{"line":42,"column":1}},"type":"if","locations":[{"start":{"line":34,"column":0},"end":{"line":42,"column":1}},{"start":{},"end":{}}],"line":34},"1":{"loc":{"start":{"line":38,"column":15},"end":{"line":38,"column":39}},"type":"binary-expr","locations":[{"start":{"line":38,"column":15},"end":{"line":38,"column":31}},{"start":{"line":38,"column":35},"end":{"line":38,"column":39}}],"line":38}},"s":{"0":2,"1":0,"2":0,"3":0,"4":0,"5":0,"6":0,"7":0,"8":0,"9":0,"10":0,"11":0,"12":0,"13":0,"14":0,"15":0,"16":0,"17":2,"18":0,"19":0,"20":0,"21":0,"22":0,"23":0,"24":2},"f":{"0":0,"1":0,"2":0,"3":0,"4":0,"5":0,"6":0},"b":{"0":[0,2],"1":[0,0]},"_coverageSchema":"1a1c01bbd47fc00a2c39e90264f33305004495a9","hash":"dd52dc53ace7a6d9b65c078f45579c8c2692c11c"}
}
