TN:
SF:index.js
FN:7,info
FN:22,start
FN:30,end
FN:39,move
FN:68,(anonymous_4)
FN:73,isTail
FN:78,isEating
FN:79,(anonymous_7)
FN:135,(anonymous_8)
FN:219,getNextCoord
FN:234,floodFill
FN:241,(anonymous_11)
FN:242,(anonymous_12)
FN:276,(anonymous_13)
FNF:14
FNH:12
FNDA:1,info
FNDA:1,start
FNDA:1,end
FNDA:3,move
FNDA:18,(anonymous_4)
FNDA:15,isTail
FNDA:15,isEating
FNDA:0,(anonymous_7)
FNDA:12,(anonymous_8)
FNDA:43,getNextCoord
FNDA:12,floodFill
FNDA:11,(anonymous_11)
FNDA:19,(anonymous_12)
FNDA:0,(anonymous_13)
DA:1,3
DA:8,1
DA:9,1
DA:23,1
DA:31,1
DA:40,3
DA:47,3
DA:48,3
DA:49,3
DA:50,3
DA:51,3
DA:52,3
DA:53,3
DA:55,3
DA:56,3
DA:57,2
DA:58,0
DA:60,3
DA:61,3
DA:62,3
DA:63,3
DA:65,3
DA:66,12
DA:67,9
DA:68,18
DA:69,0
DA:74,15
DA:75,15
DA:79,15
DA:82,3
DA:83,12
DA:85,9
DA:87,9
DA:88,9
DA:89,15
DA:90,15
DA:92,15
DA:97,0
DA:103,3
DA:104,3
DA:105,3
DA:106,1
DA:107,1
DA:109,1
DA:110,4
DA:111,3
DA:112,3
DA:113,3
DA:115,3
DA:116,0
DA:121,3
DA:122,12
DA:123,9
DA:124,9
DA:130,0
DA:134,3
DA:135,12
DA:136,3
DA:137,0
DA:138,0
DA:142,3
DA:144,3
DA:145,3
DA:147,1
DA:148,1
DA:150,1
DA:152,0
DA:153,0
DA:154,0
DA:155,0
DA:157,0
DA:158,0
DA:159,0
DA:163,0
DA:166,3
DA:167,0
DA:170,0
DA:173,3
DA:174,0
DA:175,0
DA:177,0
DA:178,0
DA:179,0
DA:180,0
DA:181,0
DA:185,0
DA:186,0
DA:187,0
DA:189,0
DA:190,0
DA:191,0
DA:192,0
DA:197,3
DA:198,3
DA:199,3
DA:200,9
DA:201,9
DA:202,9
DA:203,3
DA:204,3
DA:209,3
DA:210,3
DA:220,43
DA:221,43
DA:222,43
DA:223,43
DA:224,43
DA:225,43
DA:235,12
DA:236,12
DA:237,12
DA:238,12
DA:240,12
DA:242,19
DA:246,12
DA:247,2296
DA:248,2296
DA:250,2296
DA:258,1725
DA:260,571
DA:262,571
DA:263,571
DA:264,571
DA:265,571
DA:268,12
DA:272,3
DA:273,0
DA:274,0
DA:275,0
DA:276,0
DA:277,0
DA:282,3
LF:132
LH:96
BRDA:55,0,0,0
BRDA:55,0,1,3
BRDA:56,1,0,1
BRDA:56,1,1,2
BRDA:57,2,0,2
BRDA:57,2,1,0
BRDA:58,3,0,0
BRDA:58,3,1,0
BRDA:60,4,0,0
BRDA:60,4,1,3
BRDA:61,5,0,0
BRDA:61,5,1,3
BRDA:62,6,0,0
BRDA:62,6,1,3
BRDA:63,7,0,0
BRDA:63,7,1,3
BRDA:66,8,0,3
BRDA:66,8,1,9
BRDA:68,9,0,0
BRDA:68,9,1,9
BRDA:68,10,0,18
BRDA:68,10,1,6
BRDA:75,11,0,15
BRDA:75,11,1,12
BRDA:79,12,0,0
BRDA:79,12,1,0
BRDA:83,13,0,3
BRDA:83,13,1,9
BRDA:92,14,0,0
BRDA:92,14,1,15
BRDA:93,15,0,15
BRDA:93,15,1,5
BRDA:93,15,2,1
BRDA:93,15,3,1
BRDA:105,16,0,2
BRDA:105,16,1,1
BRDA:110,17,0,1
BRDA:110,17,1,3
BRDA:115,18,0,0
BRDA:115,18,1,3
BRDA:115,19,0,3
BRDA:115,19,1,0
BRDA:122,20,0,3
BRDA:122,20,1,9
BRDA:124,21,0,0
BRDA:124,21,1,9
BRDA:125,22,0,9
BRDA:125,22,1,9
BRDA:125,22,2,9
BRDA:125,22,3,9
BRDA:136,23,0,0
BRDA:136,23,1,3
BRDA:145,24,0,2
BRDA:145,24,1,1
BRDA:150,25,0,1
BRDA:150,25,1,0
BRDA:157,26,0,0
BRDA:157,26,1,0
BRDA:163,27,0,0
BRDA:163,27,1,0
BRDA:166,28,0,0
BRDA:166,28,1,3
BRDA:173,29,0,0
BRDA:173,29,1,3
BRDA:179,30,0,0
BRDA:179,30,1,0
BRDA:190,31,0,0
BRDA:190,31,1,0
BRDA:197,32,0,3
BRDA:197,32,1,0
BRDA:202,33,0,3
BRDA:202,33,1,6
BRDA:221,34,0,14
BRDA:221,34,1,29
BRDA:222,35,0,5
BRDA:222,35,1,38
BRDA:223,36,0,14
BRDA:223,36,1,29
BRDA:224,37,0,10
BRDA:224,37,1,33
BRDA:250,38,0,1725
BRDA:250,38,1,571
BRDA:251,39,0,2296
BRDA:251,39,1,2224
BRDA:251,39,2,2152
BRDA:251,39,3,2080
BRDA:251,39,4,2009
BRDA:251,39,5,614
BRDA:272,40,0,0
BRDA:272,40,1,3
BRDA:275,41,0,0
BRDA:275,41,1,0
BRF:92
BRH:61
end_of_record
TN:
SF:server.js
FN:3,createServer
FN:7,(anonymous_1)
FN:11,(anonymous_2)
FN:16,(anonymous_3)
FN:20,(anonymous_4)
FN:25,(anonymous_5)
FN:39,(anonymous_6)
FNF:7
FNH:5
FNDA:1,createServer
FNDA:1,(anonymous_1)
FNDA:1,(anonymous_2)
FNDA:1,(anonymous_3)
FNDA:1,(anonymous_4)
FNDA:0,(anonymous_5)
FNDA:0,(anonymous_6)
DA:1,4
DA:4,1
DA:5,1
DA:7,1
DA:8,1
DA:11,1
DA:12,1
DA:13,1
DA:16,1
DA:17,1
DA:20,1
DA:21,1
DA:22,1
DA:25,1
DA:26,0
DA:27,0
DA:30,1
DA:34,4
DA:35,0
DA:36,0
DA:37,0
DA:38,0
DA:39,0
DA:40,0
DA:45,4
LF:25
LH:17
BRDA:34,0,0,0
BRDA:34,0,1,4
BRDA:38,1,0,0
BRDA:38,1,1,0
BRF:4
BRH:1
end_of_record
