TN:
SF:index.js
FN:3,info
FN:14,start
FN:18,end
FN:22,move
FN:51,(anonymous_4)
FN:56,isTail
FN:61,isEating
FN:62,(anonymous_7)
FN:118,(anonymous_8)
FN:164,getNextCoord
FN:173,floodFill
FN:180,(anonymous_11)
FN:181,(anonymous_12)
FN:215,(anonymous_13)
FNF:14
FNH:7
FNDA:0,info
FNDA:0,start
FNDA:0,end
FNDA:1,move
FNDA:6,(anonymous_4)
FNDA:0,isTail
FNDA:0,isEating
FNDA:0,(anonymous_7)
FNDA:4,(anonymous_8)
FNDA:12,getNextCoord
FNDA:6,floodFill
FNDA:2,(anonymous_11)
FNDA:4,(anonymous_12)
FNDA:0,(anonymous_13)
DA:1,2
DA:4,0
DA:5,0
DA:15,0
DA:19,0
DA:23,1
DA:30,1
DA:31,1
DA:32,1
DA:33,1
DA:34,1
DA:35,1
DA:36,1
DA:38,1
DA:39,1
DA:40,1
DA:41,0
DA:43,1
DA:44,1
DA:45,1
DA:46,1
DA:48,1
DA:49,4
DA:50,3
DA:51,6
DA:52,0
DA:57,0
DA:58,0
DA:62,0
DA:65,1
DA:66,4
DA:68,3
DA:70,3
DA:71,0
DA:72,0
DA:73,0
DA:75,0
DA:80,0
DA:86,1
DA:87,1
DA:88,0
DA:89,0
DA:90,0
DA:92,0
DA:93,0
DA:94,0
DA:95,0
DA:96,0
DA:98,0
DA:99,0
DA:104,1
DA:105,4
DA:106,3
DA:107,3
DA:113,0
DA:117,1
DA:118,4
DA:119,1
DA:120,0
DA:121,0
DA:124,1
DA:125,0
DA:126,0
DA:128,0
DA:129,0
DA:130,0
DA:131,0
DA:132,0
DA:136,0
DA:137,0
DA:138,0
DA:140,0
DA:141,0
DA:142,0
DA:143,0
DA:148,1
DA:149,1
DA:150,1
DA:151,3
DA:152,3
DA:153,3
DA:154,1
DA:155,1
DA:160,1
DA:161,1
DA:165,12
DA:166,12
DA:167,12
DA:168,12
DA:169,12
DA:170,12
DA:174,6
DA:175,6
DA:176,6
DA:177,6
DA:179,6
DA:181,4
DA:185,6
DA:186,1646
DA:187,1646
DA:189,1646
DA:197,1236
DA:199,410
DA:201,410
DA:202,410
DA:203,410
DA:204,410
DA:207,6
DA:211,2
DA:212,0
DA:213,0
DA:214,0
DA:215,0
DA:216,0
DA:221,2
LF:115
LH:69
BRDA:38,0,0,0
BRDA:38,0,1,1
BRDA:39,1,0,0
BRDA:39,1,1,1
BRDA:40,2,0,1
BRDA:40,2,1,0
BRDA:41,3,0,0
BRDA:41,3,1,0
BRDA:43,4,0,0
BRDA:43,4,1,1
BRDA:44,5,0,0
BRDA:44,5,1,1
BRDA:45,6,0,0
BRDA:45,6,1,1
BRDA:46,7,0,0
BRDA:46,7,1,1
BRDA:49,8,0,1
BRDA:49,8,1,3
BRDA:51,9,0,0
BRDA:51,9,1,3
BRDA:51,10,0,6
BRDA:51,10,1,2
BRDA:58,11,0,0
BRDA:58,11,1,0
BRDA:62,12,0,0
BRDA:62,12,1,0
BRDA:66,13,0,1
BRDA:66,13,1,3
BRDA:75,14,0,0
BRDA:75,14,1,0
BRDA:76,15,0,0
BRDA:76,15,1,0
BRDA:76,15,2,0
BRDA:76,15,3,0
BRDA:88,16,0,0
BRDA:88,16,1,0
BRDA:93,17,0,0
BRDA:93,17,1,0
BRDA:98,18,0,0
BRDA:98,18,1,0
BRDA:98,19,0,0
BRDA:98,19,1,0
BRDA:105,20,0,1
BRDA:105,20,1,3
BRDA:107,21,0,0
BRDA:107,21,1,3
BRDA:108,22,0,3
BRDA:108,22,1,3
BRDA:108,22,2,3
BRDA:108,22,3,3
BRDA:119,23,0,0
BRDA:119,23,1,1
BRDA:124,24,0,0
BRDA:124,24,1,1
BRDA:130,25,0,0
BRDA:130,25,1,0
BRDA:141,26,0,0
BRDA:141,26,1,0
BRDA:148,27,0,1
BRDA:148,27,1,0
BRDA:153,28,0,1
BRDA:153,28,1,2
BRDA:166,29,0,4
BRDA:166,29,1,8
BRDA:167,30,0,0
BRDA:167,30,1,12
BRDA:168,31,0,4
BRDA:168,31,1,8
BRDA:169,32,0,4
BRDA:169,32,1,8
BRDA:189,33,0,1236
BRDA:189,33,1,410
BRDA:190,34,0,1646
BRDA:190,34,1,1603
BRDA:190,34,2,1560
BRDA:190,34,3,1517
BRDA:190,34,4,1475
BRDA:190,34,5,418
BRDA:211,35,0,0
BRDA:211,35,1,2
BRDA:214,36,0,0
BRDA:214,36,1,0
BRF:82
BRH:42
end_of_record
TN:
SF:server.js
FN:3,createServer
FN:7,(anonymous_1)
FN:11,(anonymous_2)
FN:16,(anonymous_3)
FN:20,(anonymous_4)
FN:25,(anonymous_5)
FN:39,(anonymous_6)
FNF:7
FNH:0
FNDA:0,createServer
FNDA:0,(anonymous_1)
FNDA:0,(anonymous_2)
FNDA:0,(anonymous_3)
FNDA:0,(anonymous_4)
FNDA:0,(anonymous_5)
FNDA:0,(anonymous_6)
DA:1,2
DA:4,0
DA:5,0
DA:7,0
DA:8,0
DA:11,0
DA:12,0
DA:13,0
DA:16,0
DA:17,0
DA:20,0
DA:21,0
DA:22,0
DA:25,0
DA:26,0
DA:27,0
DA:30,0
DA:34,2
DA:35,0
DA:36,0
DA:37,0
DA:38,0
DA:39,0
DA:40,0
DA:45,2
LF:25
LH:3
BRDA:34,0,0,0
BRDA:34,0,1,2
BRDA:38,1,0,0
BRDA:38,1,1,0
BRF:4
BRH:1
end_of_record
